{"contracts/BurnMilkToken.sol":{"l":{"11":0,"19":0,"27":0,"30":0},"path":"/Users/raboshchukviktor/Downloads/render-program-library-master/hardhat2work/contracts/BurnMilkToken.sol","s":{"1":0,"2":0},"b":{"1":[0,0]},"f":{"1":0,"2":0,"3":0},"fnMap":{"1":{"name":"constructor","line":10,"loc":{"start":{"line":10,"column":4},"end":{"line":12,"column":4}}},"2":{"name":"initialize","line":18,"loc":{"start":{"line":18,"column":4},"end":{"line":20,"column":4}}},"3":{"name":"burn","line":26,"loc":{"start":{"line":26,"column":4},"end":{"line":31,"column":4}}}},"statementMap":{"1":{"start":{"line":11,"column":8},"end":{"line":11,"column":29}},"2":{"start":{"line":30,"column":8},"end":{"line":30,"column":60}}},"branchMap":{"1":{"line":18,"type":"if","locations":[{"start":{"line":18,"column":40},"end":{"line":18,"column":40}},{"start":{"line":18,"column":40},"end":{"line":18,"column":40}}]}}},"contracts/MilkToken.sol":{"l":{"16":0,"20":0,"21":0,"22":0,"23":0,"27":0,"31":0,"35":0,"39":0,"40":0,"48":0},"path":"/Users/raboshchukviktor/Downloads/render-program-library-master/hardhat2work/contracts/MilkToken.sol","s":{"1":0,"2":0,"3":0,"4":0,"5":0,"6":0,"7":0,"8":0,"9":0,"10":0,"11":0},"b":{"1":[0,0],"2":[0,0],"3":[0,0],"4":[0,0]},"f":{"1":0,"2":0,"3":0,"4":0,"5":0,"6":0,"7":0},"fnMap":{"1":{"name":"constructor","line":15,"loc":{"start":{"line":15,"column":4},"end":{"line":17,"column":4}}},"2":{"name":"initialize","line":19,"loc":{"start":{"line":19,"column":4},"end":{"line":24,"column":4}}},"3":{"name":"pause","line":26,"loc":{"start":{"line":26,"column":4},"end":{"line":28,"column":4}}},"4":{"name":"unpause","line":30,"loc":{"start":{"line":30,"column":4},"end":{"line":32,"column":4}}},"5":{"name":"mint","line":34,"loc":{"start":{"line":34,"column":4},"end":{"line":36,"column":4}}},"6":{"name":"burn","line":38,"loc":{"start":{"line":38,"column":4},"end":{"line":41,"column":4}}},"7":{"name":"_beforeTokenTransfer","line":45,"loc":{"start":{"line":43,"column":4},"end":{"line":49,"column":4}}}},"statementMap":{"1":{"start":{"line":16,"column":8},"end":{"line":16,"column":29}},"2":{"start":{"line":20,"column":8},"end":{"line":20,"column":46}},"3":{"start":{"line":21,"column":8},"end":{"line":21,"column":29}},"4":{"start":{"line":22,"column":8},"end":{"line":22,"column":24}},"5":{"start":{"line":23,"column":8},"end":{"line":23,"column":23}},"6":{"start":{"line":27,"column":8},"end":{"line":27,"column":15}},"7":{"start":{"line":31,"column":8},"end":{"line":31,"column":17}},"8":{"start":{"line":35,"column":8},"end":{"line":35,"column":24}},"9":{"start":{"line":39,"column":8},"end":{"line":39,"column":46}},"10":{"start":{"line":40,"column":8},"end":{"line":40,"column":34}},"11":{"start":{"line":48,"column":8},"end":{"line":48,"column":51}}},"branchMap":{"1":{"line":19,"type":"if","locations":[{"start":{"line":19,"column":26},"end":{"line":19,"column":26}},{"start":{"line":19,"column":26},"end":{"line":19,"column":26}}]},"2":{"line":26,"type":"if","locations":[{"start":{"line":26,"column":28},"end":{"line":26,"column":28}},{"start":{"line":26,"column":28},"end":{"line":26,"column":28}}]},"3":{"line":30,"type":"if","locations":[{"start":{"line":30,"column":30},"end":{"line":30,"column":30}},{"start":{"line":30,"column":30},"end":{"line":30,"column":30}}]},"4":{"line":45,"type":"if","locations":[{"start":{"line":45,"column":8},"end":{"line":45,"column":8}},{"start":{"line":45,"column":8},"end":{"line":45,"column":8}}]}}}}