TN:
SF:/Users/raboshchukviktor/Downloads/render-program-library-master/hardhat2work/contracts/BurnMilkToken.sol
FN:10,constructor
FN:18,initialize
FN:26,burn
FNF:3
FNH:0
FNDA:0,constructor
FNDA:0,initialize
FNDA:0,burn
DA:11,0
DA:19,0
DA:27,0
DA:30,0
LF:4
LH:0
BRDA:18,1,0,0
BRDA:18,1,1,0
BRF:2
BRH:0
end_of_record
TN:
SF:/Users/raboshchukviktor/Downloads/render-program-library-master/hardhat2work/contracts/MilkToken.sol
FN:15,constructor
FN:19,initialize
FN:26,pause
FN:30,unpause
FN:34,mint
FN:38,burn
FN:45,_beforeTokenTransfer
FNF:7
FNH:0
FNDA:0,constructor
FNDA:0,initialize
FNDA:0,pause
FNDA:0,unpause
FNDA:0,mint
FNDA:0,burn
FNDA:0,_beforeTokenTransfer
DA:16,0
DA:20,0
DA:21,0
DA:22,0
DA:23,0
DA:27,0
DA:31,0
DA:35,0
DA:39,0
DA:40,0
DA:48,0
LF:11
LH:0
BRDA:19,1,0,0
BRDA:19,1,1,0
BRDA:26,2,0,0
BRDA:26,2,1,0
BRDA:30,3,0,0
BRDA:30,3,1,0
BRDA:45,4,0,0
BRDA:45,4,1,0
BRF:8
BRH:0
end_of_record
